{
  "RSpec": {
    "coverage": {
      "/Users/KZhou/Documents/SparkGather/config/environment.rb": [
        null,
        1,
        null,
        null,
        1
      ],
      "/Users/KZhou/Documents/SparkGather/config/application.rb": [
        1,
        null,
        1,
        null,
        null,
        null,
        1,
        null,
        1,
        1,
        null,
        null,
        null,
        null,
        null,
        null,
        null,
        null,
        null,
        null,
        null,
        null,
        null
      ],
      "/Users/KZhou/Documents/SparkGather/config/boot.rb": [
        null,
        1,
        null,
        1
      ],
      "/Users/KZhou/Documents/SparkGather/config/environments/test.rb": [
        1,
        null,
        null,
        null,
        null,
        null,
        null,
        1,
        null,
        null,
        null,
        null,
        1,
        null,
        null,
        1,
        1,
        null,
        null,
        1,
        1,
        null,
        null,
        1,
        null,
        null,
        1,
        null,
        null,
        null,
        null,
        1,
        null,
        null,
        1,
        null
      ],
      "/Users/KZhou/Documents/SparkGather/config/initializers/backtrace_silencers.rb": [
        null,
        null,
        null,
        null,
        null,
        null,
        null
      ],
      "/Users/KZhou/Documents/SparkGather/config/initializers/cache.rb": [
        1,
        1,
        1,
        1,
        0,
        0,
        0,
        null,
        0,
        null,
        null,
        1,
        null,
        null,
        null,
        1
      ],
      "/Users/KZhou/Documents/SparkGather/app/models/user.rb": [
        1,
        1,
        null,
        1,
        2,
        2,
        4,
        null,
        6,
        null,
        null,
        1,
        1,
        2,
        2,
        1,
        null,
        null,
        1,
        0,
        null,
        null,
        1,
        0,
        null,
        0,
        null,
        0,
        null,
        0,
        null,
        0,
        null,
        null,
        null
      ],
      "/Users/KZhou/Documents/SparkGather/config/initializers/filter_parameter_logging.rb": [
        null,
        null,
        null,
        1
      ],
      "/Users/KZhou/Documents/SparkGather/config/initializers/inflections.rb": [
        null,
        null,
        null,
        null,
        null,
        null,
        null,
        null,
        null,
        null,
        null,
        null,
        null,
        null,
        null,
        null
      ],
      "/Users/KZhou/Documents/SparkGather/config/initializers/mime_types.rb": [
        null,
        null,
        null,
        null,
        null
      ],
      "/Users/KZhou/Documents/SparkGather/config/initializers/secret_token.rb": [
        null,
        null,
        null,
        null,
        null,
        null,
        null,
        null,
        null,
        null,
        null,
        1
      ],
      "/Users/KZhou/Documents/SparkGather/config/initializers/session_store.rb": [
        null,
        null,
        1
      ],
      "/Users/KZhou/Documents/SparkGather/config/initializers/wrap_parameters.rb": [
        null,
        null,
        null,
        null,
        null,
        null,
        1,
        1,
        null,
        null,
        null,
        null,
        null,
        null
      ],
      "/Users/KZhou/Documents/SparkGather/spec/factories.rb": [
        1,
        1,
        1,
        1,
        1,
        null,
        null
      ],
      "/Users/KZhou/Documents/SparkGather/config/routes.rb": [
        1,
        1,
        0,
        null,
        null,
        null,
        1,
        1,
        1,
        1,
        1,
        1,
        1,
        null
      ],
      "/Users/KZhou/Documents/SparkGather/app/helpers/users_helper.rb": [
        1,
        1,
        null,
        null,
        null,
        0,
        null,
        0,
        null,
        null,
        0,
        null,
        null
      ]
    },
    "timestamp": 1411749925
  }
}
